<?xml version="1.0" encoding="UTF-8"?>
<!-- Generated by org.testng.reporters.JUnitXMLReporter -->
<testsuite ignored="3" hostname="SUFIYAN" failures="0" tests="2" name="Default test" time="38.763" errors="0" timestamp="2024-08-08T12:22:25 IST">
  <testcase classname="technosapeince.FreeCourseEnroll" name="courseEnroll" time="13.139"/>
  <testcase classname="technosapeince.FreeCourseEnroll" name="courseEnroll" time="12.47"/>
  <testcase classname="technosapeince.FreeCourseEnroll" name="searchbar" time="0.0">
    <ignored/>
  </testcase> <!-- searchbar -->
  <testcase classname="technosapeince.FreeCourseEnroll" name="checkenrolledCourse" time="0.0">
    <ignored/>
  </testcase> <!-- checkenrolledCourse -->
  <testcase classname="technosapeince.FreeCourseEnroll" name="searchbardisplay" time="0.0">
    <ignored/>
  </testcase> <!-- searchbardisplay -->
</testsuite> <!-- Default test -->
