<?xml version="1.0" encoding="UTF-8"?>
<!-- Generated by org.testng.reporters.JUnitXMLReporter -->
<testsuite ignored="0" hostname="SUFIYAN" failures="0" tests="14" name="TC_StudentLogin" time="89.456" errors="0" timestamp="2024-08-06T13:40:05 IST">
  <testcase classname="technosapeince.testcase.TestCase_Student_Login" name="TestCase_Student" time="1.015"/>
  <testcase classname="technosapeince.testcase.TestCase_Student_Login" name="TestCase_Student" time="1.002"/>
  <testcase classname="technosapeince.testcase.TestCase_Student_Login" name="TestCase_Student" time="1.029"/>
  <testcase classname="technosapeince.testcase.TestCase_Student_Login" name="TestCase_Student" time="1.054"/>
  <testcase classname="technosapeince.testcase.TestCase_Student_Login" name="TestCase_Student" time="1.963"/>
  <testcase classname="technosapeince.testcase.TestCase_Student_Login" name="TestCase_Student" time="0.777"/>
  <testcase classname="technosapeince.testcase.TestCase_Student_Login" name="TestCase_Student" time="1.034"/>
  <testcase classname="technosapeince.testcase.TestCase_Student_Login" name="TestCase_Student" time="0.872"/>
  <testcase classname="technosapeince.testcase.TestCase_Student_Login" name="TestCase_Student" time="1.623"/>
  <testcase classname="technosapeince.testcase.TestCase_Student_Login" name="TestCase_Student" time="21.003">
    <skipped/>
  </testcase> <!-- TestCase_Student -->
  <testcase classname="technosapeince.testcase.TestCase_Student_Login" name="TestCase_Student" time="0.962"/>
  <testcase classname="technosapeince.testcase.TestCase_Student_Login" name="TestCase_Student" time="0.66"/>
  <testcase classname="technosapeince.testcase.TestCase_Student_Login" name="TestCase_Student" time="0.864"/>
  <testcase classname="technosapeince.testcase.TestCase_Student_Login" name="TestCase_Student" time="1.178"/>
</testsuite> <!-- TC_StudentLogin -->
