<?xml version="1.0" encoding="UTF-8"?>
<testng-results ignored="0" total="2" passed="2" failed="0" skipped="0">
  <reporter-output>
  </reporter-output>
  <suite started-at="2024-08-08T12:21:46 IST" name="Default suite" finished-at="2024-08-08T12:22:25 IST" duration-ms="38763">
    <groups>
    </groups>
    <test started-at="2024-08-08T12:21:46 IST" name="Default test" finished-at="2024-08-08T12:22:25 IST" duration-ms="38763">
      <class name="technosapeince.FreeCourseEnroll">
        <test-method is-config="true" signature="launchapplication()[pri:0, instance:technosapeince.FreeCourseEnroll@6e9175d8]" started-at="2024-08-08T12:21:46 IST" name="launchapplication" finished-at="2024-08-08T12:21:56 IST" duration-ms="9351" status="PASS">
          <reporter-output>
          </reporter-output>
        </test-method> <!-- launchapplication -->
        <test-method signature="courseEnroll(java.util.HashMap)[pri:0, instance:technosapeince.FreeCourseEnroll@6e9175d8]" started-at="2024-08-08T12:21:56 IST" name="courseEnroll" data-provider="getData" finished-at="2024-08-08T12:22:09 IST" duration-ms="13139" status="PASS">
          <params>
            <param index="0">
              <value>
                <![CDATA[{courseName=IT Support and Networking Essentials | IT Infrastructure, elist=IT Support and Networking Essentials, Category=Information Technology, SubCategory=IT Infrastructure, pwd=studentpassword, email=student@student.com}]]>
              </value>
            </param>
          </params>
          <reporter-output>
          </reporter-output>
        </test-method> <!-- courseEnroll -->
        <test-method is-config="true" signature="tearDown()[pri:0, instance:technosapeince.FreeCourseEnroll@6e9175d8]" started-at="2024-08-08T12:22:09 IST" name="tearDown" finished-at="2024-08-08T12:22:09 IST" duration-ms="443" status="PASS">
          <reporter-output>
          </reporter-output>
        </test-method> <!-- tearDown -->
        <test-method is-config="true" signature="launchapplication()[pri:0, instance:technosapeince.FreeCourseEnroll@6e9175d8]" started-at="2024-08-08T12:22:09 IST" name="launchapplication" finished-at="2024-08-08T12:22:12 IST" duration-ms="2645" status="PASS">
          <reporter-output>
          </reporter-output>
        </test-method> <!-- launchapplication -->
        <test-method signature="courseEnroll(java.util.HashMap)[pri:0, instance:technosapeince.FreeCourseEnroll@6e9175d8]" started-at="2024-08-08T12:22:12 IST" name="courseEnroll" data-provider="getData" finished-at="2024-08-08T12:22:24 IST" duration-ms="12470" status="PASS">
          <params>
            <param index="0">
              <value>
                <![CDATA[{courseName=Cloud Infrastructure: | IT Infrastructure, elist=IT Support and Networking Essentials, Category=Information Technology, SubCategory=IT Infrastructure, pwd=studentpassword, email=student@student.com}]]>
              </value>
            </param>
          </params>
          <reporter-output>
          </reporter-output>
        </test-method> <!-- courseEnroll -->
        <test-method is-config="true" signature="tearDown()[pri:0, instance:technosapeince.FreeCourseEnroll@6e9175d8]" started-at="2024-08-08T12:22:24 IST" name="tearDown" finished-at="2024-08-08T12:22:25 IST" duration-ms="398" status="PASS">
          <reporter-output>
          </reporter-output>
        </test-method> <!-- tearDown -->
      </class> <!-- technosapeince.FreeCourseEnroll -->
    </test> <!-- Default test -->
  </suite> <!-- Default suite -->
</testng-results>
